<?xml version="1.0" encoding="UTF-8"?>
<!-- Generated by org.testng.reporters.JUnitXMLReporter -->
<testsuite ignored="0" hostname="Lisandros-MacBook-Pro.local" failures="0" tests="1" name="Test" time="0.29" errors="0" timestamp="2021-12-14T19:22:52 CST">
  <testcase classname="utils.BaseClass" name="@BeforeMethod beforeMethod" time="-1.639531372175E9">
    <failure type="org.testng.TestNGException" message="
Parameter &amp;apos;browserName&amp;apos; is required by BeforeMethod on method beforeMethod but has not been marked @Optional or defined
in /Users/lisandrodossantossilvafernando/eclipse-workspace/NewDesign/testng.xml">
      <![CDATA[org.testng.TestNGException: 
Parameter 'browserName' is required by BeforeMethod on method beforeMethod but has not been marked @Optional or defined
in /Users/lisandrodossantossilvafernando/eclipse-workspace/NewDesign/testng.xml
at java.base/java.util.ArrayList.forEach(ArrayList.java:1511)
... Removed 28 stack frames]]>
    </failure>
  </testcase> <!-- @BeforeMethod beforeMethod -->
  <testcase classname="utils.BaseClass" name="@AfterMethod afterMethod" time="-1.639531372194E9">
    <skipped/>
  </testcase> <!-- @AfterMethod afterMethod -->
  <testcase classname="tests.Amazon" name="Amazon" time="0.0">
    <skipped/>
  </testcase> <!-- Amazon -->
</testsuite> <!-- Test -->
